<?xml version="1.0" encoding="UTF-8"?>
<testsuite xmlns:xsi="http://www.w3.org/2001/XMLSchema-instance" xsi:noNamespaceSchemaLocation="https://maven.apache.org/surefire/maven-surefire-plugin/xsd/surefire-test-report-3.0.xsd" version="3.0" name="TestSuite" time="81.296" tests="5" errors="0" skipped="0" failures="1">
  <properties>
[...]
</properties>
  <testcase name="verifyThatUserCanOrderPizzas[partha, partha.senuwsb@gmail.com, I would like to order a non veg pizza, Pepperoni, Thick Crust, Medium, Excellent](1)" classname="com.chatbot.ChatbotTest" time="33.692">
    <system-err><![CDATA[SLF4J: Failed to load class "org.slf4j.impl.StaticLoggerBinder".
SLF4J: Defaulting to no-operation (NOP) logger implementation
SLF4J: See http://www.slf4j.org/codes.html#StaticLoggerBinder for further details.
Jan 31, 2024 2:42:39 PM org.openqa.selenium.manager.SeleniumManager lambda$runCommand$1
INFO: Driver path: /Users/parthasen/.cache/selenium/chromedriver/mac-arm64/120.0.6099.109/chromedriver
Jan 31, 2024 2:42:39 PM org.openqa.selenium.manager.SeleniumManager lambda$runCommand$1
INFO: Browser path: /Applications/Google Chrome.app/Contents/MacOS/Google Chrome
Jan 31, 2024 2:42:46 PM org.openqa.selenium.devtools.CdpVersionFinder findNearestMatch
WARNING: Unable to find an exact match for CDP version 120, so returning the closest version found: 116
]]></system-err>
  </testcase>
  <testcase name="verifyBotResponseWhenPizzaTypeIsNotListed[partha, partha.senuwsb@gmail.com, I would like to order a non veg pizza, chicken tikka, i am sorry ,  could&apos;nt Understand , Try Again .](1)" classname="com.chatbot.ChatbotTest" time="7.286">
    <failure message="expected [i am sorry ,  could&apos;nt Understand , Try Again .] but found [i am sorry , I could&apos;nt Understand , Try Again .]" type="java.lang.AssertionError"><![CDATA[java.lang.AssertionError: expected [i am sorry ,  could'nt Understand , Try Again .] but found [i am sorry , I could'nt Understand , Try Again .]
	at com.chatbot.ChatbotTest.verifyBotResponseWhenPizzaTypeIsNotListed(ChatbotTest.java:144)
]]></failure>
  </testcase>
  <testcase name="verifyThatUserCanCancelOrder[partha, partha.senuwsb@gmail.com, I would like to order a non veg pizza, Pepperoni, Thick Crust, Medium, Excellent](1)" classname="com.chatbot.ChatbotTest" time="11.889">
    <system-out><![CDATA[This is failed log from reporter.log
]]></system-out>
  </testcase>
  <testcase name="verifyThatUserCanResetContextIinBetweenOrder[partha, partha.senuwsb@gmail.com, I would like to order a non veg pizza, chicken tikka, i am sorry ,  could&apos;nt Understand , Try Again .](1)" classname="com.chatbot.ChatbotTest" time="2.874"/>
  <testcase name="verifyBotResponseBySendingOneAlphabeticCharacter[I](1)" classname="com.chatbot.ChatbotTest" time="8.706"/>
</testsuite>